[19:39:29] [ServerMain/INFO]: Building unoptimized datafixer
[19:39:31] [ServerMain/INFO]: Environment: authHost='https://authserver.mojang.com', accountsHost='https://api.mojang.com', sessionHost='https://sessionserver.mojang.com', servicesHost='https://api.minecraftservices.com', name='PROD'
[19:39:34] [ServerMain/INFO]: Loaded 7 recipes
[19:39:35] [Server thread/INFO]: Starting minecraft server version 1.19.3
[19:39:35] [Server thread/INFO]: Loading properties
[19:39:36] [Server thread/INFO]: This server is running CraftBukkit version 3638-Spigot-d90018e-7dcb59b (MC: 1.19.3) (Implementing API version 1.19.3-R0.1-SNAPSHOT)
[19:39:36] [Server thread/INFO]: Debug logging is disabled
[19:39:36] [Server thread/INFO]: Server Ping Player Sample Count: 12
[19:39:36] [Server thread/INFO]: Using 4 threads for Netty based IO
[19:39:36] [Server thread/INFO]: Default game type: SURVIVAL
[19:39:36] [Server thread/INFO]: Generating keypair
[19:39:36] [Server thread/INFO]: Starting Minecraft server on *:25565
[19:39:36] [Server thread/INFO]: Using default channel type
[19:39:37] [Server thread/INFO]: [CoreProtect] Loading CoreProtect v21.3
[19:39:37] [Server thread/INFO]: [LuckPerms] Loading LuckPerms v5.4.58
[19:39:37] [Server thread/INFO]: [SkinsRestorer] Loading SkinsRestorer v14.2.7
[19:39:37] [Server thread/INFO]: [Essentials] Loading Essentials v2.19.7
[19:39:37] [Server thread/INFO]: [EssentialsChat] Loading EssentialsChat v2.19.7
[19:39:37] [Server thread/INFO]: [LuckPerms] Enabling LuckPerms v5.4.58
[19:39:38] [Server thread/INFO]: [0;36;1m       [0;36;22m __    [m
[19:39:38] [Server thread/INFO]: [0;36;1m  |    [0;36;22m|__)   [0;32;22mLuckPerms[m [0;36;1mv5.4.58[m
[19:39:38] [Server thread/INFO]: [0;36;1m  |___ [0;36;22m|      [0;30;1mRunning on Bukkit - CraftBukkit[m
[19:39:38] [Server thread/INFO]: [m
[19:39:38] [Server thread/INFO]: [LuckPerms] Loading configuration...
[19:39:38] [Server thread/INFO]: [LuckPerms] Loading storage provider... [H2]
[19:39:39] [Server thread/INFO]: [LuckPerms] Loading internal permission managers...
[19:39:39] [Server thread/INFO]: [LuckPerms] Performing initial data load...
[19:39:39] [Server thread/INFO]: [LuckPerms] Successfully enabled. (took 1720ms)
[19:39:39] [Server thread/WARN]: **** SERVER IS RUNNING IN OFFLINE/INSECURE MODE!
[19:39:39] [Server thread/WARN]: The server will make no attempt to authenticate usernames. Beware.
[19:39:39] [Server thread/WARN]: While this makes the game possible to play without internet access, it also opens up the ability for hackers to connect with any username they choose.
[19:39:39] [Server thread/WARN]: To change this, set "online-mode" to "true" in the server.properties file.
[19:39:39] [Server thread/INFO]: Preparing level "world"
[19:39:39] [Server thread/INFO]: -------- World Settings For [world] --------
[19:39:39] [Server thread/INFO]: Experience Merge Radius: 3.0
[19:39:39] [Server thread/INFO]: Mob Spawn Range: 8
[19:39:39] [Server thread/INFO]: Cactus Growth Modifier: 100%
[19:39:39] [Server thread/INFO]: Cane Growth Modifier: 100%
[19:39:39] [Server thread/INFO]: Melon Growth Modifier: 100%
[19:39:39] [Server thread/INFO]: Mushroom Growth Modifier: 100%
[19:39:39] [Server thread/INFO]: Pumpkin Growth Modifier: 100%
[19:39:39] [Server thread/INFO]: Sapling Growth Modifier: 100%
[19:39:39] [Server thread/INFO]: Beetroot Growth Modifier: 100%
[19:39:39] [Server thread/INFO]: Carrot Growth Modifier: 100%
[19:39:39] [Server thread/INFO]: Potato Growth Modifier: 100%
[19:39:39] [Server thread/INFO]: Wheat Growth Modifier: 100%
[19:39:39] [Server thread/INFO]: NetherWart Growth Modifier: 100%
[19:39:39] [Server thread/INFO]: Vine Growth Modifier: 100%
[19:39:39] [Server thread/INFO]: Cocoa Growth Modifier: 100%
[19:39:39] [Server thread/INFO]: Bamboo Growth Modifier: 100%
[19:39:39] [Server thread/INFO]: SweetBerry Growth Modifier: 100%
[19:39:39] [Server thread/INFO]: Kelp Growth Modifier: 100%
[19:39:39] [Server thread/INFO]: TwistingVines Growth Modifier: 100%
[19:39:39] [Server thread/INFO]: WeepingVines Growth Modifier: 100%
[19:39:39] [Server thread/INFO]: CaveVines Growth Modifier: 100%
[19:39:39] [Server thread/INFO]: Hopper Transfer: 8 Hopper Check: 1 Hopper Amount: 1 Hopper Can Load Chunks: false
[19:39:39] [Server thread/INFO]: Entity Tracking Range: Pl 48 / An 48 / Mo 48 / Mi 32 / Other 64
[19:39:39] [Server thread/INFO]: Entity Activation Range: An 32 / Mo 32 / Ra 48 / Mi 16 / Tiv true / Isa false
[19:39:39] [Server thread/INFO]: Custom Map Seeds:  Village: 10387312 Desert: 14357617 Igloo: 14357618 Jungle: 14357619 Swamp: 14357620 Monument: 10387313 Ocean: 14357621 Shipwreck: 165745295 End City: 10387313 Slime: 987234911 Nether: 30084232 Mansion: 10387319 Fossil: 14357921 Portal: 34222645
[19:39:39] [Server thread/INFO]: Tile Max Tick Time: 50ms Entity max Tick Time: 50ms
[19:39:39] [Server thread/INFO]: Max TNT Explosions: 100
[19:39:39] [Server thread/INFO]: Nerfing mobs spawned from spawners: false
[19:39:39] [Server thread/INFO]: Item Despawn Rate: 6000
[19:39:39] [Server thread/INFO]: Item Merge Radius: 2.5
[19:39:39] [Server thread/INFO]: View Distance: 12
[19:39:39] [Server thread/INFO]: Simulation Distance: 10
[19:39:39] [Server thread/INFO]: Allow Zombie Pigmen to spawn from portal blocks: true
[19:39:39] [Server thread/INFO]: Zombie Aggressive Towards Villager: true
[19:39:39] [Server thread/INFO]: Arrow Despawn Rate: 1200 Trident Respawn Rate:1200
[19:39:40] [Server thread/INFO]: -------- World Settings For [world_nether] --------
[19:39:40] [Server thread/INFO]: Experience Merge Radius: 3.0
[19:39:40] [Server thread/INFO]: Mob Spawn Range: 8
[19:39:40] [Server thread/INFO]: Cactus Growth Modifier: 100%
[19:39:40] [Server thread/INFO]: Cane Growth Modifier: 100%
[19:39:40] [Server thread/INFO]: Melon Growth Modifier: 100%
[19:39:40] [Server thread/INFO]: Mushroom Growth Modifier: 100%
[19:39:40] [Server thread/INFO]: Pumpkin Growth Modifier: 100%
[19:39:40] [Server thread/INFO]: Sapling Growth Modifier: 100%
[19:39:40] [Server thread/INFO]: Beetroot Growth Modifier: 100%
[19:39:40] [Server thread/INFO]: Carrot Growth Modifier: 100%
[19:39:40] [Server thread/INFO]: Potato Growth Modifier: 100%
[19:39:40] [Server thread/INFO]: Wheat Growth Modifier: 100%
[19:39:40] [Server thread/INFO]: NetherWart Growth Modifier: 100%
[19:39:40] [Server thread/INFO]: Vine Growth Modifier: 100%
[19:39:40] [Server thread/INFO]: Cocoa Growth Modifier: 100%
[19:39:40] [Server thread/INFO]: Bamboo Growth Modifier: 100%
[19:39:40] [Server thread/INFO]: SweetBerry Growth Modifier: 100%
[19:39:40] [Server thread/INFO]: Kelp Growth Modifier: 100%
[19:39:40] [Server thread/INFO]: TwistingVines Growth Modifier: 100%
[19:39:40] [Server thread/INFO]: WeepingVines Growth Modifier: 100%
[19:39:40] [Server thread/INFO]: CaveVines Growth Modifier: 100%
[19:39:40] [Server thread/INFO]: Hopper Transfer: 8 Hopper Check: 1 Hopper Amount: 1 Hopper Can Load Chunks: false
[19:39:40] [Server thread/INFO]: Entity Tracking Range: Pl 48 / An 48 / Mo 48 / Mi 32 / Other 64
[19:39:40] [Server thread/INFO]: Entity Activation Range: An 32 / Mo 32 / Ra 48 / Mi 16 / Tiv true / Isa false
[19:39:40] [Server thread/INFO]: Custom Map Seeds:  Village: 10387312 Desert: 14357617 Igloo: 14357618 Jungle: 14357619 Swamp: 14357620 Monument: 10387313 Ocean: 14357621 Shipwreck: 165745295 End City: 10387313 Slime: 987234911 Nether: 30084232 Mansion: 10387319 Fossil: 14357921 Portal: 34222645
[19:39:40] [Server thread/INFO]: Tile Max Tick Time: 50ms Entity max Tick Time: 50ms
[19:39:40] [Server thread/INFO]: Max TNT Explosions: 100
[19:39:40] [Server thread/INFO]: Nerfing mobs spawned from spawners: false
[19:39:40] [Server thread/INFO]: Item Despawn Rate: 6000
[19:39:40] [Server thread/INFO]: Item Merge Radius: 2.5
[19:39:40] [Server thread/INFO]: View Distance: 12
[19:39:40] [Server thread/INFO]: Simulation Distance: 10
[19:39:40] [Server thread/INFO]: Allow Zombie Pigmen to spawn from portal blocks: true
[19:39:40] [Server thread/INFO]: Zombie Aggressive Towards Villager: true
[19:39:40] [Server thread/INFO]: Arrow Despawn Rate: 1200 Trident Respawn Rate:1200
[19:39:42] [Server thread/INFO]: -------- World Settings For [world_the_end] --------
[19:39:42] [Server thread/INFO]: Experience Merge Radius: 3.0
[19:39:42] [Server thread/INFO]: Mob Spawn Range: 8
[19:39:42] [Server thread/INFO]: Cactus Growth Modifier: 100%
[19:39:42] [Server thread/INFO]: Cane Growth Modifier: 100%
[19:39:42] [Server thread/INFO]: Melon Growth Modifier: 100%
[19:39:42] [Server thread/INFO]: Mushroom Growth Modifier: 100%
[19:39:42] [Server thread/INFO]: Pumpkin Growth Modifier: 100%
[19:39:42] [Server thread/INFO]: Sapling Growth Modifier: 100%
[19:39:42] [Server thread/INFO]: Beetroot Growth Modifier: 100%
[19:39:42] [Server thread/INFO]: Carrot Growth Modifier: 100%
[19:39:42] [Server thread/INFO]: Potato Growth Modifier: 100%
[19:39:42] [Server thread/INFO]: Wheat Growth Modifier: 100%
[19:39:42] [Server thread/INFO]: NetherWart Growth Modifier: 100%
[19:39:42] [Server thread/INFO]: Vine Growth Modifier: 100%
[19:39:42] [Server thread/INFO]: Cocoa Growth Modifier: 100%
[19:39:42] [Server thread/INFO]: Bamboo Growth Modifier: 100%
[19:39:42] [Server thread/INFO]: SweetBerry Growth Modifier: 100%
[19:39:42] [Server thread/INFO]: Kelp Growth Modifier: 100%
[19:39:42] [Server thread/INFO]: TwistingVines Growth Modifier: 100%
[19:39:42] [Server thread/INFO]: WeepingVines Growth Modifier: 100%
[19:39:42] [Server thread/INFO]: CaveVines Growth Modifier: 100%
[19:39:42] [Server thread/INFO]: Hopper Transfer: 8 Hopper Check: 1 Hopper Amount: 1 Hopper Can Load Chunks: false
[19:39:42] [Server thread/INFO]: Entity Tracking Range: Pl 48 / An 48 / Mo 48 / Mi 32 / Other 64
[19:39:42] [Server thread/INFO]: Entity Activation Range: An 32 / Mo 32 / Ra 48 / Mi 16 / Tiv true / Isa false
[19:39:42] [Server thread/INFO]: Custom Map Seeds:  Village: 10387312 Desert: 14357617 Igloo: 14357618 Jungle: 14357619 Swamp: 14357620 Monument: 10387313 Ocean: 14357621 Shipwreck: 165745295 End City: 10387313 Slime: 987234911 Nether: 30084232 Mansion: 10387319 Fossil: 14357921 Portal: 34222645
[19:39:42] [Server thread/INFO]: Tile Max Tick Time: 50ms Entity max Tick Time: 50ms
[19:39:42] [Server thread/INFO]: Max TNT Explosions: 100
[19:39:42] [Server thread/INFO]: Nerfing mobs spawned from spawners: false
[19:39:42] [Server thread/INFO]: Item Despawn Rate: 6000
[19:39:42] [Server thread/INFO]: Item Merge Radius: 2.5
[19:39:42] [Server thread/INFO]: View Distance: 12
[19:39:42] [Server thread/INFO]: Simulation Distance: 10
[19:39:42] [Server thread/INFO]: Allow Zombie Pigmen to spawn from portal blocks: true
[19:39:42] [Server thread/INFO]: Zombie Aggressive Towards Villager: true
[19:39:42] [Server thread/INFO]: Arrow Despawn Rate: 1200 Trident Respawn Rate:1200
[19:39:42] [Server thread/INFO]: Preparing start region for dimension minecraft:overworld
[19:39:47] [Worker-Main-5/INFO]: Preparing spawn area: 0%
[19:39:47] [Worker-Main-3/INFO]: Preparing spawn area: 0%
[19:39:47] [Worker-Main-7/INFO]: Preparing spawn area: 0%
[19:39:47] [Worker-Main-7/INFO]: Preparing spawn area: 0%
[19:39:47] [Worker-Main-2/INFO]: Preparing spawn area: 0%
[19:39:47] [Worker-Main-2/INFO]: Preparing spawn area: 0%
[19:39:47] [Worker-Main-2/INFO]: Preparing spawn area: 0%
[19:39:47] [Worker-Main-6/INFO]: Preparing spawn area: 0%
[19:39:47] [Worker-Main-6/INFO]: Preparing spawn area: 0%
[19:39:47] [Worker-Main-6/INFO]: Preparing spawn area: 0%
[19:39:47] [Worker-Main-3/INFO]: Preparing spawn area: 0%
[19:39:47] [Worker-Main-1/INFO]: Preparing spawn area: 22%
[19:39:48] [Server thread/INFO]: Time elapsed: 5929 ms
[19:39:48] [Server thread/INFO]: Preparing start region for dimension minecraft:the_nether
[19:39:51] [Worker-Main-7/INFO]: Preparing spawn area: 0%
[19:39:51] [Worker-Main-2/INFO]: Preparing spawn area: 0%
[19:39:51] [Worker-Main-7/INFO]: Preparing spawn area: 0%
[19:39:51] [Worker-Main-4/INFO]: Preparing spawn area: 0%
[19:39:51] [Worker-Main-4/INFO]: Preparing spawn area: 0%
[19:39:51] [Worker-Main-7/INFO]: Preparing spawn area: 0%
[19:39:51] [Worker-Main-6/INFO]: Preparing spawn area: 0%
[19:39:51] [Worker-Main-1/INFO]: Preparing spawn area: 25%
[19:39:52] [Server thread/INFO]: Time elapsed: 3913 ms
[19:39:52] [Server thread/INFO]: Preparing start region for dimension minecraft:the_end
[19:39:54] [Worker-Main-3/INFO]: Preparing spawn area: 0%
[19:39:54] [Worker-Main-5/INFO]: Preparing spawn area: 0%
[19:39:54] [Worker-Main-3/INFO]: Preparing spawn area: 0%
[19:39:54] [Worker-Main-3/INFO]: Preparing spawn area: 0%
[19:39:54] [Worker-Main-4/INFO]: Preparing spawn area: 0%
[19:39:54] [Worker-Main-5/INFO]: Preparing spawn area: 84%
[19:39:54] [Server thread/INFO]: Time elapsed: 2586 ms
[19:39:54] [Server thread/INFO]: [CoreProtect] Enabling CoreProtect v21.3
[19:39:55] [Server thread/INFO]: [0;37;1m[0;37;1m[m[CoreProtect] CoreProtect has been successfully enabled![0;37;1m[0;37;1m [m
[19:39:55] [Server thread/INFO]: [CoreProtect] Using SQLite for data storage.
[19:39:55] [Server thread/INFO]: --------------------
[19:39:55] [Server thread/INFO]: [CoreProtect] Enjoy CoreProtect? Join our Discord!
[19:39:55] [Server thread/INFO]: [CoreProtect] Discord: www.coreprotect.net/discord/
[19:39:55] [Server thread/INFO]: --------------------
[19:39:55] [Server thread/INFO]: [SkinsRestorer] Enabling SkinsRestorer v14.2.7
[19:39:55] [Server thread/INFO]: [33;1m[[32;22mSkinsRestorer[33;1m] [0;39m[32;1mDetected Minecraft [33;1mv1_19_R2[32;1m, using [33;1mMappingSpigotSkinRefresher[32;1m.[0;39m[m
[19:39:56] [Server thread/INFO]: [Essentials] Enabling Essentials v2.19.7
[19:39:56] [Server thread/ERROR]: You are running an unsupported server version!
[19:39:56] [Server thread/INFO]: Attempting to convert old kits in config.yml to new kits.yml
[19:39:56] [Server thread/INFO]: No kits found to migrate.
[19:39:56] [Server thread/WARN]: java.lang.NoSuchMethodException: no such method: net.minecraft.server.MinecraftServer.u()boolean/invokeVirtual
[19:39:56] [Server thread/WARN]: 	at java.base/java.lang.invoke.MemberName.makeAccessException(MemberName.java:976)
[19:39:56] [Server thread/WARN]: 	at java.base/java.lang.invoke.MemberName$Factory.resolveOrFail(MemberName.java:1117)
[19:39:56] [Server thread/WARN]: 	at java.base/java.lang.invoke.MethodHandles$Lookup.resolveOrFail(MethodHandles.java:3664)
[19:39:56] [Server thread/WARN]: 	at java.base/java.lang.invoke.MethodHandles$Lookup.findVirtual(MethodHandles.java:2690)
[19:39:56] [Server thread/WARN]: 	at net.ess3.nms.refl.providers.ReflServerStateProvider.<init>(ReflServerStateProvider.java:30)
[19:39:56] [Server thread/WARN]: 	at com.earth2me.essentials.Essentials.onEnable(Essentials.java:390)
[19:39:56] [Server thread/WARN]: 	at org.bukkit.plugin.java.JavaPlugin.setEnabled(JavaPlugin.java:264)
[19:39:56] [Server thread/WARN]: 	at org.bukkit.plugin.java.JavaPluginLoader.enablePlugin(JavaPluginLoader.java:342)
[19:39:56] [Server thread/WARN]: 	at org.bukkit.plugin.SimplePluginManager.enablePlugin(SimplePluginManager.java:480)
[19:39:56] [Server thread/WARN]: 	at org.bukkit.craftbukkit.v1_19_R2.CraftServer.enablePlugin(CraftServer.java:539)
[19:39:56] [Server thread/WARN]: 	at org.bukkit.craftbukkit.v1_19_R2.CraftServer.enablePlugins(CraftServer.java:453)
[19:39:56] [Server thread/WARN]: 	at net.minecraft.server.MinecraftServer.loadWorld0(MinecraftServer.java:587)
[19:39:56] [Server thread/WARN]: 	at net.minecraft.server.MinecraftServer.loadLevel(MinecraftServer.java:412)
[19:39:56] [Server thread/WARN]: 	at net.minecraft.server.dedicated.DedicatedServer.e(DedicatedServer.java:250)
[19:39:56] [Server thread/WARN]: 	at net.minecraft.server.MinecraftServer.w(MinecraftServer.java:973)
[19:39:56] [Server thread/WARN]: 	at net.minecraft.server.MinecraftServer.lambda$0(MinecraftServer.java:301)
[19:39:56] [Server thread/WARN]: 	at java.base/java.lang.Thread.run(Thread.java:1589)
[19:39:56] [Server thread/WARN]: Caused by: java.lang.NoSuchMethodError: 'boolean net.minecraft.server.MinecraftServer.u()'
[19:39:56] [Server thread/WARN]: 	at java.base/java.lang.invoke.MethodHandleNatives.resolve(Native Method)
[19:39:56] [Server thread/WARN]: 	at java.base/java.lang.invoke.MemberName$Factory.resolve(MemberName.java:1085)
[19:39:56] [Server thread/WARN]: 	at java.base/java.lang.invoke.MemberName$Factory.resolveOrFail(MemberName.java:1114)
[19:39:56] [Server thread/WARN]: 	... 15 more
[19:39:56] [Server thread/INFO]: Loaded 38132 items from items.json.
[19:39:56] [Server thread/INFO]: Using locale ru_RU
[19:39:56] [Server thread/INFO]: ServerListPingEvent: Spigot iterator API
[19:39:56] [Server thread/INFO]: Starting Metrics. Opt-out using the global bStats config.
[19:39:56] [Server thread/WARN]: Detected supported permissions plugin LuckPerms without Vault installed.
[19:39:56] [Server thread/WARN]: Features such as chat prefixes/suffixes and group-related functionality will not work until you install Vault.
[19:39:56] [Server thread/INFO]: Using superperms-based permissions.
[19:39:56] [Server thread/INFO]: [EssentialsChat] Enabling EssentialsChat v2.19.7
[19:39:56] [Server thread/INFO]: Secure signed chat and previews are enabled.
[19:39:56] [Server thread/INFO]: Starting Metrics. Opt-out using the global bStats config.
[19:39:56] [Server thread/INFO]: Server permissions file permissions.yml is empty, ignoring it
[19:39:56] [Server thread/INFO]: Done (17.260s)! For help, type "help"
[19:39:56] [Craft Scheduler Thread - 4/INFO]: §6Получение информации о версии...
[19:39:57] [Craft Scheduler Thread - 0/INFO]: [33;1m[[32;22mSkinsRestorer[33;1m] [0;39m[32;1m----------------------------------------------[0;39m[m
[19:39:57] [Craft Scheduler Thread - 0/INFO]: [33;1m[[32;22mSkinsRestorer[33;1m] [0;39m[32;1m    +==================+[0;39m[m
[19:39:57] [Craft Scheduler Thread - 0/INFO]: [33;1m[[32;22mSkinsRestorer[33;1m] [0;39m[32;1m    |   SkinsRestorer  |[0;39m[m
[19:39:57] [Craft Scheduler Thread - 0/INFO]: [33;1m[[32;22mSkinsRestorer[33;1m] [0;39m[32;1m    |------------------|[0;39m[m
[19:39:57] [Craft Scheduler Thread - 0/INFO]: [33;1m[[32;22mSkinsRestorer[33;1m] [0;39m[32;1m    |  [34;1m[4m[21mStandalone Mode[0;39m[32;1m |[0;39m[m
[19:39:57] [Craft Scheduler Thread - 0/INFO]: [33;1m[[32;22mSkinsRestorer[33;1m] [0;39m[32;1m    +==================+[0;39m[m
[19:39:57] [Craft Scheduler Thread - 0/INFO]: [33;1m[[32;22mSkinsRestorer[33;1m] [0;39m[32;1m----------------------------------------------[0;39m[m
[19:39:57] [Craft Scheduler Thread - 0/INFO]: [33;1m[[32;22mSkinsRestorer[33;1m] [0;39m[36;1m    Current version: [32;1m14.2.7[0;39m[m
[19:39:57] [Craft Scheduler Thread - 0/INFO]: [33;1m[[32;22mSkinsRestorer[33;1m] [0;39m[32;1m    This is the latest version![0;39m[m
[19:39:57] [Craft Scheduler Thread - 0/INFO]: [33;1m[[32;22mSkinsRestorer[33;1m] [0;39m[32;1m----------------------------------------------[0;39m[m
[19:40:04] [Server thread/INFO]: Made IronGun a server operator
[19:40:06] [Server thread/INFO]: Startup script './start.sh' does not exist! Stopping server.
[19:40:06] [Server thread/INFO]: Stopping server
[19:40:06] [Server thread/INFO]: Disabling EssentialsChat v2.19.7
[19:40:06] [Server thread/INFO]: Disabling Essentials v2.19.7
[19:40:06] [Server thread/ERROR]: Похоже, что вы решили перезагрузить свой сервер используя /reload. Неужели вы настолько ненавидите себя? Не ожидайте поддержки от команды EssentialsX при использовании /reload.
[19:40:06] [Server thread/INFO]: [SkinsRestorer] Disabling SkinsRestorer v14.2.7
[19:40:06] [Server thread/INFO]: [LuckPerms] Disabling LuckPerms v5.4.58
[19:40:06] [Server thread/INFO]: [LuckPerms] Starting shutdown process...
[19:40:07] [Server thread/INFO]: [LuckPerms] Closing storage...
[19:40:07] [Server thread/INFO]: [LuckPerms] Goodbye!
[19:40:07] [Server thread/INFO]: [CoreProtect] Disabling CoreProtect v21.3
[19:40:07] [Server thread/INFO]: [CoreProtect] Finishing up data logging. Please wait...
[19:40:07] [Server thread/INFO]: [CoreProtect] Success! Disabled CoreProtect v21.3
[19:40:07] [Server thread/INFO]: Saving players
[19:40:07] [Server thread/INFO]: Saving worlds
[19:40:10] [Server thread/INFO]: Saving chunks for level 'ServerLevel[world]'/minecraft:overworld
[19:40:10] [Server thread/INFO]: Saving chunks for level 'ServerLevel[world_nether]'/minecraft:the_nether
[19:40:11] [Server thread/INFO]: Saving chunks for level 'ServerLevel[world_the_end]'/minecraft:the_end
[19:40:11] [Server thread/INFO]: ThreadedAnvilChunkStorage (world): All chunks are saved
[19:40:11] [Server thread/INFO]: ThreadedAnvilChunkStorage (DIM-1): All chunks are saved
[19:40:11] [Server thread/INFO]: ThreadedAnvilChunkStorage (DIM1): All chunks are saved
[19:40:11] [Server thread/INFO]: ThreadedAnvilChunkStorage: All dimensions are saved
